<?xml version="1.0" encoding="UTF-8"?>
<!-- Generated by org.testng.reporters.JUnitReportReporter -->
<testsuite hostname="mazidul-laptop" failures="0" tests="1" name="com.orangehrmlive.LoginPageTest" time="21.982" errors="0" timestamp="02 Dec 2023 17:30:50 GMT" skipped="0">
  <testcase classname="com.orangehrmlive.LoginPageTest" name="loginTest" time="21.982"/>
</testsuite> <!-- com.orangehrmlive.LoginPageTest -->
