<?xml version="1.0" encoding="UTF-8"?>
<!-- Generated by org.testng.reporters.JUnitReportReporter -->
<testsuite hostname="mazidul-laptop" failures="0" tests="1" name="com.orangehrmlive.DashboardPageTest" time="22.245" errors="0" timestamp="02 Dec 2023 17:30:50 GMT" skipped="0">
  <testcase classname="com.orangehrmlive.DashboardPageTest" name="logoutTest" time="22.245"/>
</testsuite> <!-- com.orangehrmlive.DashboardPageTest -->
